#
# A fatal error has been detected by the Java Runtime Environment:
#
#  EXCEPTION_ACCESS_VIOLATION (0xc0000005) at pc=0x000000005b8be543, pid=63228, tid=0x000000000000be74
#
# JRE version: OpenJDK Runtime Environment (Zulu 8.52.0.23-CA-win64) (8.0_282-b08) (build 1.8.0_282-b08)
# Java VM: OpenJDK 64-Bit Server VM (25.282-b08 mixed mode windows-amd64 compressed oops)
# Problematic frame:
# V  [jvm.dll+0xde543]
#
# Failed to write core dump. Minidumps are not enabled by default on client versions of Windows
#
# If you would like to submit a bug report, please visit:
#   http://www.azulsystems.com/support/
#

---------------  T H R E A D  ---------------

Current thread (0x0000000016735800):  VMThread [stack: 0x0000000018400000,0x0000000018500000] [id=48756]

siginfo: ExceptionCode=0xc0000005, reading address 0x000000005d00f9a1

Registers:
RAX=0x00000000000000ff, RBX=0x00000000184ff510, RCX=0x00000000167361e0, RDX=0x0000000000000002
RSP=0x00000000184ff4a0, RBP=0x00000000275cf284, RSI=0x0000000001010101, RDI=0x00000000000000ff
R8 =0x00000000029e94b0, R9 =0x0000000000000003, R10=0x0000000000000003, R11=0x00000000275cf284
R12=0x000000005b7e0000, R13=0x00000000184ff4f0, R14=0x0000000000000000, R15=0x0000000000000000
RIP=0x000000005b8be543, EFLAGS=0x0000000000010206

Top of Stack: (sp=0x00000000184ff4a0)
0x00000000184ff4a0:   00000000184ff510 00000000184ff539
0x00000000184ff4b0:   00000000184ff4f0 00000000184ff500
0x00000000184ff4c0:   000000002762e940 000000005b997143
0x00000000184ff4d0:   00000000184ff539 00000000184ff500
0x00000000184ff4e0:   00000000000000c0 00000000184ff4f0
0x00000000184ff4f0:   000000002762e940 0000000016735800
0x00000000184ff500:   000000002762e940 0000000016735800
0x00000000184ff510:   00000000276320d8 0000000016735800
0x00000000184ff520:   0000014400000144 000000c000000185
0x00000000184ff530:   0000000004760000 00000000000000c0
0x00000000184ff540:   000000002762e940 0000000016735800
0x00000000184ff550:   0000014400000141 000000c000000185
0x00000000184ff560:   0000000016730000 00000000000000c0
0x00000000184ff570:   0000000000000000 0000000000000018
0x00000000184ff580:   0000000000000000 0000000000000003
0x00000000184ff590:   00000000276320d8 000000005b982ec4 

Instructions: (pc=0x000000005b8be543)
0x000000005b8be523:   0d 48 8b 0b 48 8b d0 e8 b1 2a fb ff 8b f8 4c 8d
0x000000005b8be533:   25 c8 1a f2 ff 48 63 c7 49 63 b4 84 f0 f4 81 00
0x000000005b8be543:   42 0f b6 8c 26 a0 f8 81 00 83 e1 0f 75 3d 44 0f
0x000000005b8be553:   b6 4d 00 41 81 f9 ca 00 00 00 75 0e 48 8b 0b 48 


Register to memory mapping:

RAX=0x00000000000000ff is an unknown value
RBX=0x00000000184ff510 is an unknown value
RCX=0x00000000167361e0 is an unknown value
RDX=0x0000000000000002 is an unknown value
RSP=0x00000000184ff4a0 is an unknown value
RBP=0x00000000275cf284 is pointing into metadata
RSI=0x0000000001010101 is an unknown value
RDI=0x00000000000000ff is an unknown value
R8 =0x00000000029e94b0 is an unknown value
R9 =0x0000000000000003 is an unknown value
R10=0x0000000000000003 is an unknown value
R11=0x00000000275cf284 is pointing into metadata
R12=0x000000005b7e0000 is an unknown value
R13=0x00000000184ff4f0 is an unknown value
R14=0x0000000000000000 is an unknown value
R15=0x0000000000000000 is an unknown value


Stack: [0x0000000018400000,0x0000000018500000],  sp=0x00000000184ff4a0,  free space=1021k
Native frames: (J=compiled Java code, j=interpreted, Vv=VM code, C=native code)
V  [jvm.dll+0xde543]
V  [jvm.dll+0x1b7143]
V  [jvm.dll+0x1a2ec4]
V  [jvm.dll+0x1a922f]
V  [jvm.dll+0x1a978b]
V  [jvm.dll+0x235127]
V  [jvm.dll+0x2343c4]
V  [jvm.dll+0x234804]
V  [jvm.dll+0x234a80]
V  [jvm.dll+0x28bd9a]
C  [msvcr100.dll+0x21d9f]
C  [msvcr100.dll+0x21e3b]
C  [KERNEL32.DLL+0x17034]
C  [ntdll.dll+0x52651]

VM_Operation (0x000000001923f7d0): RedefineClasses, mode: safepoint, requested by thread 0x000000001854d800, redefining class org.kuse.payloadbuilder.core.parser.ColumnsVisitor



---------------  P R O C E S S  ---------------

Java Threads: ( => current thread )
  0x000000001c68a000 JavaThread "QueryExecutor-#16" daemon [_thread_blocked, id=24452, stack(0x0000000028f10000,0x0000000029010000)]
  0x000000001c689000 JavaThread "QueryExecutor-#15" daemon [_thread_blocked, id=41916, stack(0x000000001ac70000,0x000000001ad70000)]
  0x000000001c68e800 JavaThread "QueryExecutor-#14" daemon [_thread_blocked, id=59192, stack(0x000000001a970000,0x000000001aa70000)]
  0x000000001c685000 JavaThread "QueryExecutor-#13" daemon [_thread_blocked, id=45288, stack(0x000000001ab70000,0x000000001ac70000)]
  0x000000001c686000 JavaThread "QueryExecutor-#12" daemon [_thread_blocked, id=61664, stack(0x000000001aa70000,0x000000001ab70000)]
  0x000000001c68c000 JavaThread "QueryExecutor-#11" daemon [_thread_blocked, id=58460, stack(0x00000000008f0000,0x00000000009f0000)]
  0x000000001c68b800 JavaThread "QueryExecutor-#10" daemon [_thread_blocked, id=61932, stack(0x000000001a870000,0x000000001a970000)]
  0x000000002675e800 JavaThread "QueryExecutor-#9" daemon [_thread_blocked, id=39848, stack(0x000000001a770000,0x000000001a870000)]
  0x000000002675a800 JavaThread "QueryExecutor-#8" daemon [_thread_blocked, id=60536, stack(0x000000002c0f0000,0x000000002c1f0000)]
  0x0000000026761800 JavaThread "QueryExecutor-#7" daemon [_thread_blocked, id=57280, stack(0x000000002adf0000,0x000000002aef0000)]
  0x0000000026760000 JavaThread "QueryExecutor-#6" daemon [_thread_blocked, id=25076, stack(0x0000000029010000,0x0000000029110000)]
  0x000000002675d000 JavaThread "QueryExecutor-#5" daemon [_thread_blocked, id=33888, stack(0x0000000000c00000,0x0000000000d00000)]
  0x000000002675c000 JavaThread "QueryExecutor-#4" daemon [_thread_blocked, id=25276, stack(0x0000000000b00000,0x0000000000c00000)]
  0x0000000019a68000 JavaThread "QueryExecutor-#3" daemon [_thread_blocked, id=49932, stack(0x000000001e9b0000,0x000000001eab0000)]
  0x0000000026fda800 JavaThread "QueryExecutor-#2" daemon [_thread_blocked, id=37456, stack(0x0000000028b80000,0x0000000028c80000)]
  0x00000000272c8000 JavaThread "QueryExecutor-#1" daemon [_thread_blocked, id=24752, stack(0x0000000025db0000,0x0000000025eb0000)]
  0x000000001cfd6000 JavaThread "D3D Screen Updater" daemon [_thread_blocked, id=54780, stack(0x00000000264b0000,0x00000000265b0000)]
  0x000000001c775800 JavaThread "TimerQueue" daemon [_thread_blocked, id=59676, stack(0x00000000257b0000,0x00000000258b0000)]
  0x00000000029d4000 JavaThread "DestroyJavaVM" [_thread_blocked, id=59652, stack(0x00000000026e0000,0x00000000027e0000)]
  0x000000001b55b000 JavaThread "AWT-EventQueue-0" [_thread_blocked, id=59456, stack(0x000000001d460000,0x000000001d560000)]
  0x0000000019bf2800 JavaThread "AWT-Windows" daemon [_thread_in_native, id=45132, stack(0x000000001a580000,0x000000001a680000)]
  0x0000000019bef800 JavaThread "AWT-Shutdown" [_thread_blocked, id=34864, stack(0x000000001a480000,0x000000001a580000)]
  0x0000000019bee800 JavaThread "Java2D Disposer" daemon [_thread_blocked, id=54284, stack(0x000000001a380000,0x000000001a480000)]
  0x00000000186e1800 JavaThread "Service Thread" daemon [_thread_blocked, id=59468, stack(0x0000000019840000,0x0000000019940000)]
  0x00000000186e1000 JavaThread "C1 CompilerThread3" daemon [_thread_blocked, id=48288, stack(0x0000000019740000,0x0000000019840000)]
  0x00000000186de000 JavaThread "C2 CompilerThread2" daemon [_thread_blocked, id=30440, stack(0x0000000019640000,0x0000000019740000)]
  0x00000000186d5000 JavaThread "C2 CompilerThread1" daemon [_thread_blocked, id=45960, stack(0x0000000019540000,0x0000000019640000)]
  0x00000000186d2800 JavaThread "C2 CompilerThread0" daemon [_thread_blocked, id=26912, stack(0x0000000019440000,0x0000000019540000)]
  0x000000001855c800 JavaThread "JDWP Command Reader" daemon [_thread_in_native, id=38344, stack(0x0000000019340000,0x0000000019440000)]
  0x0000000018552000 JavaThread "JDWP Event Helper Thread" daemon [_thread_blocked, id=54708, stack(0x0000000019240000,0x0000000019340000)]
  0x000000001854d800 JavaThread "JDWP Transport Listener: dt_socket" daemon [_thread_blocked, id=40740, stack(0x0000000019140000,0x0000000019240000)]
  0x0000000018539800 JavaThread "Attach Listener" daemon [_thread_blocked, id=63180, stack(0x0000000018d00000,0x0000000018e00000)]
  0x0000000018538800 JavaThread "Signal Dispatcher" daemon [_thread_blocked, id=40824, stack(0x0000000018c00000,0x0000000018d00000)]
  0x0000000018520800 JavaThread "Finalizer" daemon [_thread_blocked, id=62976, stack(0x0000000018a00000,0x0000000018b00000)]
  0x0000000002ace000 JavaThread "Reference Handler" daemon [_thread_blocked, id=60980, stack(0x0000000018900000,0x0000000018a00000)]

Other Threads:
=>0x0000000016735800 VMThread [stack: 0x0000000018400000,0x0000000018500000] [id=48756]
  0x0000000018797800 WatcherThread [stack: 0x0000000019940000,0x0000000019a40000] [id=27992]

VM state:at safepoint (normal execution)

VM Mutex/Monitor currently owned by a thread:  ([mutex/lock_event])
[0x00000000029d18d0] Threads_lock - owner thread: 0x0000000016735800

OutOfMemory and StackOverflow Exception counts:
StackOverflowErrors=19

heap address: 0x00000000a2400000, size: 1500 MB, Compressed Oops mode: 32-bit
Narrow klass base: 0x0000000000000000, Narrow klass shift: 3
Compressed class space size: 1073741824 Address: 0x0000000100000000

Heap:
 PSYoungGen      total 90624K, used 13837K [0x00000000e0c00000, 0x00000000e6f00000, 0x0000000100000000)
  eden space 89088K, 13% used [0x00000000e0c00000,0x00000000e1806a70,0x00000000e6300000)
  from space 1536K, 99% used [0x00000000e6300000,0x00000000e647cb30,0x00000000e6480000)
  to   space 6144K, 0% used [0x00000000e6900000,0x00000000e6900000,0x00000000e6f00000)
 ParOldGen       total 807424K, used 336127K [0x00000000a2400000, 0x00000000d3880000, 0x00000000e0c00000)
  object space 807424K, 41% used [0x00000000a2400000,0x00000000b6c3fd08,0x00000000d3880000)
 Metaspace       used 39825K, capacity 40884K, committed 40960K, reserved 1085440K
  class space    used 4588K, capacity 4850K, committed 4864K, reserved 1048576K

Card table byte_map: [0x0000000011e90000,0x0000000012180000] byte_map_base: 0x000000001197e000

Marking Bits: (ParMarkBitMap*) 0x000000005c021f00
 Begin Bits: [0x0000000012b80000, 0x00000000142f0000)
 End Bits:   [0x00000000142f0000, 0x0000000015a60000)

Polling page: 0x00000000025f0000

CodeCache: size=245760Kb used=28003Kb max_used=29057Kb free=217756Kb
 bounds [0x0000000002ad0000, 0x0000000004770000, 0x0000000011ad0000]
 total_blobs=7845 nmethods=7180 adapters=582
 compilation: enabled

Compilation events (10 events):
Event: 63827.141 Thread 0x00000000186e1000 10079       3       sun.java2d.d3d.D3DSurfaceData::getReplacement (8 bytes)
Event: 63827.142 Thread 0x00000000186e1000 nmethod 10079 0x000000000360aa50 code [0x000000000360abc0, 0x000000000360ae78]
Event: 63827.187 Thread 0x00000000186d5000 10081   !   4       sun.java2d.SurfaceDataProxy::replaceData (329 bytes)
Event: 63827.242 Thread 0x00000000186d5000 nmethod 10081 0x0000000003980250 code [0x0000000003980500, 0x0000000003983390]
Event: 64973.815 Thread 0x00000000186de000 10082   !   4       org.eclipse.jdt.launching.internal.javaagent.Premain$1::transform (103 bytes)
Event: 64973.816 Thread 0x00000000186d2800 10083       4       sun.instrument.InstrumentationImpl::transform (38 bytes)
Event: 64974.072 Thread 0x00000000186de000 nmethod 10082 0x000000000424cf90 code [0x000000000424d200, 0x0000000004250290]
Event: 64974.181 Thread 0x00000000186d2800 nmethod 10083 0x000000000407a250 code [0x000000000407a520, 0x000000000407dfb0]
Event: 66793.363 Thread 0x00000000186d5000 10084       4       org.eclipse.jdt.launching.internal.org.objectweb.asm.ClassReader::readMethod (1061 bytes)
Event: 66793.427 Thread 0x00000000186d5000 nmethod 10084 0x000000000431d5d0 code [0x000000000431d860, 0x00000000043215d0]

GC Heap History (10 events):
Event: 63823.530 GC heap before
{Heap before GC invocations=11985 (full 34):
 PSYoungGen      total 90624K, used 87894K [0x00000000e0c00000, 0x00000000e6600000, 0x0000000100000000)
  eden space 89088K, 97% used [0x00000000e0c00000,0x00000000e60afbf0,0x00000000e6300000)
  from space 1536K, 76% used [0x00000000e6480000,0x00000000e65a5fa0,0x00000000e6600000)
  to   space 1536K, 0% used [0x00000000e6300000,0x00000000e6300000,0x00000000e6480000)
 ParOldGen       total 807424K, used 323454K [0x00000000a2400000, 0x00000000d3880000, 0x00000000e0c00000)
  object space 807424K, 40% used [0x00000000a2400000,0x00000000b5fdfa08,0x00000000d3880000)
 Metaspace       used 39721K, capacity 40756K, committed 40960K, reserved 1085440K
  class space    used 4586K, capacity 4850K, committed 4864K, reserved 1048576K
Event: 63823.533 GC heap after
Heap after GC invocations=11985 (full 34):
 PSYoungGen      total 90624K, used 988K [0x00000000e0c00000, 0x00000000e6600000, 0x0000000100000000)
  eden space 89088K, 0% used [0x00000000e0c00000,0x00000000e0c00000,0x00000000e6300000)
  from space 1536K, 64% used [0x00000000e6300000,0x00000000e63f71b8,0x00000000e6480000)
  to   space 1536K, 0% used [0x00000000e6480000,0x00000000e6480000,0x00000000e6600000)
 ParOldGen       total 807424K, used 323454K [0x00000000a2400000, 0x00000000d3880000, 0x00000000e0c00000)
  object space 807424K, 40% used [0x00000000a2400000,0x00000000b5fdfa08,0x00000000d3880000)
 Metaspace       used 39721K, capacity 40756K, committed 40960K, reserved 1085440K
  class space    used 4586K, capacity 4850K, committed 4864K, reserved 1048576K
}
Event: 63824.546 GC heap before
{Heap before GC invocations=11986 (full 34):
 PSYoungGen      total 90624K, used 87715K [0x00000000e0c00000, 0x00000000e6600000, 0x0000000100000000)
  eden space 89088K, 97% used [0x00000000e0c00000,0x00000000e60b1c68,0x00000000e6300000)
  from space 1536K, 64% used [0x00000000e6300000,0x00000000e63f71b8,0x00000000e6480000)
  to   space 1536K, 0% used [0x00000000e6480000,0x00000000e6480000,0x00000000e6600000)
 ParOldGen       total 807424K, used 323454K [0x00000000a2400000, 0x00000000d3880000, 0x00000000e0c00000)
  object space 807424K, 40% used [0x00000000a2400000,0x00000000b5fdfa08,0x00000000d3880000)
 Metaspace       used 39721K, capacity 40756K, committed 40960K, reserved 1085440K
  class space    used 4586K, capacity 4850K, committed 4864K, reserved 1048576K
Event: 63824.550 GC heap after
Heap after GC invocations=11986 (full 34):
 PSYoungGen      total 90624K, used 1029K [0x00000000e0c00000, 0x00000000e6600000, 0x0000000100000000)
  eden space 89088K, 0% used [0x00000000e0c00000,0x00000000e0c00000,0x00000000e6300000)
  from space 1536K, 67% used [0x00000000e6480000,0x00000000e6581488,0x00000000e6600000)
  to   space 1536K, 0% used [0x00000000e6300000,0x00000000e6300000,0x00000000e6480000)
 ParOldGen       total 807424K, used 323454K [0x00000000a2400000, 0x00000000d3880000, 0x00000000e0c00000)
  object space 807424K, 40% used [0x00000000a2400000,0x00000000b5fdfa08,0x00000000d3880000)
 Metaspace       used 39721K, capacity 40756K, committed 40960K, reserved 1085440K
  class space    used 4586K, capacity 4850K, committed 4864K, reserved 1048576K
}
Event: 63825.666 GC heap before
{Heap before GC invocations=11987 (full 34):
 PSYoungGen      total 90624K, used 88129K [0x00000000e0c00000, 0x00000000e6600000, 0x0000000100000000)
  eden space 89088K, 97% used [0x00000000e0c00000,0x00000000e610f128,0x00000000e6300000)
  from space 1536K, 67% used [0x00000000e6480000,0x00000000e6581488,0x00000000e6600000)
  to   space 1536K, 0% used [0x00000000e6300000,0x00000000e6300000,0x00000000e6480000)
 ParOldGen       total 807424K, used 323454K [0x00000000a2400000, 0x00000000d3880000, 0x00000000e0c00000)
  object space 807424K, 40% used [0x00000000a2400000,0x00000000b5fdfa08,0x00000000d3880000)
 Metaspace       used 39721K, capacity 40756K, committed 40960K, reserved 1085440K
  class space    used 4586K, capacity 4850K, committed 4864K, reserved 1048576K
Event: 63825.672 GC heap after
Heap after GC invocations=11987 (full 34):
 PSYoungGen      total 90624K, used 867K [0x00000000e0c00000, 0x00000000e6600000, 0x0000000100000000)
  eden space 89088K, 0% used [0x00000000e0c00000,0x00000000e0c00000,0x00000000e6300000)
  from space 1536K, 56% used [0x00000000e6300000,0x00000000e63d8db8,0x00000000e6480000)
  to   space 1536K, 0% used [0x00000000e6480000,0x00000000e6480000,0x00000000e6600000)
 ParOldGen       total 807424K, used 323454K [0x00000000a2400000, 0x00000000d3880000, 0x00000000e0c00000)
  object space 807424K, 40% used [0x00000000a2400000,0x00000000b5fdfa08,0x00000000d3880000)
 Metaspace       used 39721K, capacity 40756K, committed 40960K, reserved 1085440K
  class space    used 4586K, capacity 4850K, committed 4864K, reserved 1048576K
}
Event: 63826.715 GC heap before
{Heap before GC invocations=11988 (full 34):
 PSYoungGen      total 90624K, used 87596K [0x00000000e0c00000, 0x00000000e6600000, 0x0000000100000000)
  eden space 89088K, 97% used [0x00000000e0c00000,0x00000000e60b25f8,0x00000000e6300000)
  from space 1536K, 56% used [0x00000000e6300000,0x00000000e63d8db8,0x00000000e6480000)
  to   space 1536K, 0% used [0x00000000e6480000,0x00000000e6480000,0x00000000e6600000)
 ParOldGen       total 807424K, used 323454K [0x00000000a2400000, 0x00000000d3880000, 0x00000000e0c00000)
  object space 807424K, 40% used [0x00000000a2400000,0x00000000b5fdfa08,0x00000000d3880000)
 Metaspace       used 39721K, capacity 40756K, committed 40960K, reserved 1085440K
  class space    used 4586K, capacity 4850K, committed 4864K, reserved 1048576K
Event: 63826.718 GC heap after
Heap after GC invocations=11988 (full 34):
 PSYoungGen      total 90624K, used 1068K [0x00000000e0c00000, 0x00000000e6600000, 0x0000000100000000)
  eden space 89088K, 0% used [0x00000000e0c00000,0x00000000e0c00000,0x00000000e6300000)
  from space 1536K, 69% used [0x00000000e6480000,0x00000000e658b0b0,0x00000000e6600000)
  to   space 1536K, 0% used [0x00000000e6300000,0x00000000e6300000,0x00000000e6480000)
 ParOldGen       total 807424K, used 323454K [0x00000000a2400000, 0x00000000d3880000, 0x00000000e0c00000)
  object space 807424K, 40% used [0x00000000a2400000,0x00000000b5fdfa08,0x00000000d3880000)
 Metaspace       used 39721K, capacity 40756K, committed 40960K, reserved 1085440K
  class space    used 4586K, capacity 4850K, committed 4864K, reserved 1048576K
}
Event: 66699.085 GC heap before
{Heap before GC invocations=11989 (full 34):
 PSYoungGen      total 90624K, used 90156K [0x00000000e0c00000, 0x00000000e6600000, 0x0000000100000000)
  eden space 89088K, 100% used [0x00000000e0c00000,0x00000000e6300000,0x00000000e6300000)
  from space 1536K, 69% used [0x00000000e6480000,0x00000000e658b0b0,0x00000000e6600000)
  to   space 1536K, 0% used [0x00000000e6300000,0x00000000e6300000,0x00000000e6480000)
 ParOldGen       total 807424K, used 323454K [0x00000000a2400000, 0x00000000d3880000, 0x00000000e0c00000)
  object space 807424K, 40% used [0x00000000a2400000,0x00000000b5fdfa08,0x00000000d3880000)
 Metaspace       used 39799K, capacity 40820K, committed 40960K, reserved 1085440K
  class space    used 4586K, capacity 4850K, committed 4864K, reserved 1048576K
Event: 66699.097 GC heap after
Heap after GC invocations=11989 (full 34):
 PSYoungGen      total 90624K, used 1522K [0x00000000e0c00000, 0x00000000e6f00000, 0x0000000100000000)
  eden space 89088K, 0% used [0x00000000e0c00000,0x00000000e0c00000,0x00000000e6300000)
  from space 1536K, 99% used [0x00000000e6300000,0x00000000e647cb30,0x00000000e6480000)
  to   space 6144K, 0% used [0x00000000e6900000,0x00000000e6900000,0x00000000e6f00000)
 ParOldGen       total 807424K, used 336127K [0x00000000a2400000, 0x00000000d3880000, 0x00000000e0c00000)
  object space 807424K, 41% used [0x00000000a2400000,0x00000000b6c3fd08,0x00000000d3880000)
 Metaspace       used 39799K, capacity 40820K, committed 40960K, reserved 1085440K
  class space    used 4586K, capacity 4850K, committed 4864K, reserved 1048576K
}

Deoptimization events (10 events):
Event: 63827.140 Thread 0x000000001b55b000 Uncommon trap: reason=unhandled action=none pc=0x0000000003fab038 method=sun.java2d.pipe.BufferedContext.validate(Lsun/java2d/pipe/hw/AccelSurface;Lsun/java2d/pipe/hw/AccelSurface;Lsun/java2d/pipe/Region;Ljava/awt/Composite;Ljava/awt/geom/AffineTransform;
Event: 63827.140 Thread 0x000000001b55b000 Uncommon trap: reason=unhandled action=none pc=0x0000000003fab038 method=sun.java2d.pipe.BufferedContext.validate(Lsun/java2d/pipe/hw/AccelSurface;Lsun/java2d/pipe/hw/AccelSurface;Lsun/java2d/pipe/Region;Ljava/awt/Composite;Ljava/awt/geom/AffineTransform;
Event: 63827.140 Thread 0x000000001b55b000 Uncommon trap: reason=unhandled action=none pc=0x0000000003fab038 method=sun.java2d.pipe.BufferedContext.validate(Lsun/java2d/pipe/hw/AccelSurface;Lsun/java2d/pipe/hw/AccelSurface;Lsun/java2d/pipe/Region;Ljava/awt/Composite;Ljava/awt/geom/AffineTransform;
Event: 63827.140 Thread 0x000000001b55b000 Uncommon trap: reason=unhandled action=none pc=0x0000000003fab038 method=sun.java2d.pipe.BufferedContext.validate(Lsun/java2d/pipe/hw/AccelSurface;Lsun/java2d/pipe/hw/AccelSurface;Lsun/java2d/pipe/Region;Ljava/awt/Composite;Ljava/awt/geom/AffineTransform;
Event: 63827.141 Thread 0x000000001b55b000 Uncommon trap: reason=unhandled action=none pc=0x0000000003fab038 method=sun.java2d.pipe.BufferedContext.validate(Lsun/java2d/pipe/hw/AccelSurface;Lsun/java2d/pipe/hw/AccelSurface;Lsun/java2d/pipe/Region;Ljava/awt/Composite;Ljava/awt/geom/AffineTransform;
Event: 63827.141 Thread 0x000000001b55b000 Uncommon trap: reason=unhandled action=none pc=0x0000000003fab038 method=sun.java2d.pipe.BufferedContext.validate(Lsun/java2d/pipe/hw/AccelSurface;Lsun/java2d/pipe/hw/AccelSurface;Lsun/java2d/pipe/Region;Ljava/awt/Composite;Ljava/awt/geom/AffineTransform;
Event: 63827.141 Thread 0x000000001b55b000 Uncommon trap: reason=unhandled action=none pc=0x0000000003fab038 method=sun.java2d.pipe.BufferedContext.validate(Lsun/java2d/pipe/hw/AccelSurface;Lsun/java2d/pipe/hw/AccelSurface;Lsun/java2d/pipe/Region;Ljava/awt/Composite;Ljava/awt/geom/AffineTransform;
Event: 63827.141 Thread 0x000000001b55b000 Uncommon trap: reason=unhandled action=none pc=0x0000000003fab038 method=sun.java2d.pipe.BufferedContext.validate(Lsun/java2d/pipe/hw/AccelSurface;Lsun/java2d/pipe/hw/AccelSurface;Lsun/java2d/pipe/Region;Ljava/awt/Composite;Ljava/awt/geom/AffineTransform;
Event: 63827.145 Thread 0x000000001b55b000 Uncommon trap: reason=bimorphic action=maybe_recompile pc=0x000000000462b7fc method=sun.java2d.SurfaceDataProxy.replaceData(Lsun/java2d/SurfaceData;ILsun/java2d/loops/CompositeType;Ljava/awt/Color;)Lsun/java2d/SurfaceData; @ 108
Event: 63827.149 Thread 0x000000001b55b000 Uncommon trap: reason=bimorphic action=maybe_recompile pc=0x000000000462b7fc method=sun.java2d.SurfaceDataProxy.replaceData(Lsun/java2d/SurfaceData;ILsun/java2d/loops/CompositeType;Ljava/awt/Color;)Lsun/java2d/SurfaceData; @ 108

Classes redefined (10 events):
Event: 65873.260 Thread 0x0000000016735800 redefined class name=org.kuse.payloadbuilder.core.parser.ColumnsVisitor, count=4
Event: 65873.282 Thread 0x0000000016735800 redefined class name=org.kuse.payloadbuilder.core.parser.ColumnsVisitor$Context, count=4
Event: 65879.318 Thread 0x0000000016735800 redefined class name=org.kuse.payloadbuilder.core.parser.ColumnsVisitor, count=5
Event: 65879.336 Thread 0x0000000016735800 redefined class name=org.kuse.payloadbuilder.core.parser.ColumnsVisitor$Context, count=5
Event: 66964.955 Thread 0x0000000016735800 redefined class name=org.kuse.payloadbuilder.core.parser.ColumnsVisitor, count=6
Event: 66964.978 Thread 0x0000000016735800 redefined class name=org.kuse.payloadbuilder.core.parser.ColumnsVisitor$Context, count=6
Event: 66975.282 Thread 0x0000000016735800 redefined class name=org.kuse.payloadbuilder.core.parser.ColumnsVisitor, count=7
Event: 66975.300 Thread 0x0000000016735800 redefined class name=org.kuse.payloadbuilder.core.parser.ColumnsVisitor$Context, count=7
Event: 67036.934 Thread 0x0000000016735800 redefined class name=org.kuse.payloadbuilder.core.parser.ColumnsVisitor, count=8
Event: 67036.958 Thread 0x0000000016735800 redefined class name=org.kuse.payloadbuilder.core.parser.ColumnsVisitor$Context, count=8

Internal exceptions (10 events):
Event: 2534.489 Thread 0x000000001b55b000 Exception <a 'java/lang/StackOverflowError'> (0x00000000e4992e58) thrown at [C:\jenkins\workspace\zulu8-silver-build-win64\zulu-src\hotspot\src\share\vm\runtime\javaCalls.cpp, line 390]
Event: 2534.489 Thread 0x000000001b55b000 Exception <a 'java/lang/StackOverflowError'> (0x00000000e4996bf8) thrown at [C:\jenkins\workspace\zulu8-silver-build-win64\zulu-src\hotspot\src\share\vm\runtime\javaCalls.cpp, line 390]
Event: 2534.489 Thread 0x000000001b55b000 Exception <a 'java/lang/StackOverflowError'> (0x00000000e4996bf8) thrown at [C:\jenkins\workspace\zulu8-silver-build-win64\zulu-src\hotspot\src\share\vm\classfile\systemDictionary.cpp, line 1651]
Event: 2534.489 Thread 0x000000001b55b000 Exception <a 'java/lang/StackOverflowError'> (0x00000000e4996bf8) thrown at [C:\jenkins\workspace\zulu8-silver-build-win64\zulu-src\hotspot\src\share\vm\prims\jvm.cpp, line 1533]
Event: 2534.491 Thread 0x000000001b55b000 Exception <a 'java/lang/StackOverflowError'> (0x00000000e49a9a20) thrown at [C:\jenkins\workspace\zulu8-silver-build-win64\zulu-src\hotspot\src\share\vm\runtime\javaCalls.cpp, line 390]
Event: 2534.491 Thread 0x000000001b55b000 Exception <a 'java/lang/StackOverflowError'> (0x00000000e49ad7c0) thrown at [C:\jenkins\workspace\zulu8-silver-build-win64\zulu-src\hotspot\src\share\vm\runtime\javaCalls.cpp, line 390]
Event: 2534.491 Thread 0x000000001b55b000 Exception <a 'java/lang/StackOverflowError'> (0x00000000e49ad7c0) thrown at [C:\jenkins\workspace\zulu8-silver-build-win64\zulu-src\hotspot\src\share\vm\classfile\systemDictionary.cpp, line 1651]
Event: 2534.492 Thread 0x000000001b55b000 Exception <a 'java/lang/StackOverflowError'> (0x00000000e49ad7c0) thrown at [C:\jenkins\workspace\zulu8-silver-build-win64\zulu-src\hotspot\src\share\vm\prims\jvm.cpp, line 1533]
Event: 2534.493 Thread 0x000000001b55b000 Exception <a 'java/lang/StackOverflowError'> (0x00000000e49c05e8) thrown at [C:\jenkins\workspace\zulu8-silver-build-win64\zulu-src\hotspot\src\share\vm\runtime\javaCalls.cpp, line 390]
Event: 2581.599 Thread 0x000000001c686000 Implicit null exception at 0x00000000041836af to 0x0000000004185d51

Events (10 events):
Event: 67036.959 Executing VM operation: RedefineClasses done
Event: 67037.011 Executing VM operation: ChangeBreakpoints
Event: 67037.016 Executing VM operation: ChangeBreakpoints done
Event: 67037.017 Executing VM operation: ChangeBreakpoints
Event: 67037.021 Executing VM operation: ChangeBreakpoints done
Event: 67037.261 Executing VM operation: GetCurrentContendedMonitor
Event: 67037.261 Executing VM operation: GetCurrentContendedMonitor done
Event: 67037.261 Executing VM operation: GetOwnedMonitorInfo
Event: 67037.261 Executing VM operation: GetOwnedMonitorInfo done
Event: 67374.358 Executing VM operation: RedefineClasses


Dynamic libraries:
0x00007ff662a20000 - 0x00007ff662a55000 	C:\Users\vimarhen\Projects\Java\jdk8-win\bin\javaw.exe
0x00007fff4dff0000 - 0x00007fff4e1e5000 	C:\WINDOWS\SYSTEM32\ntdll.dll
0x00007fff4cf80000 - 0x00007fff4d03d000 	C:\WINDOWS\System32\KERNEL32.DLL
0x00007fff4b730000 - 0x00007fff4b9f9000 	C:\WINDOWS\System32\KERNELBASE.dll
0x00007fff4de20000 - 0x00007fff4decc000 	C:\WINDOWS\System32\ADVAPI32.dll
0x00007fff4d540000 - 0x00007fff4d5de000 	C:\WINDOWS\System32\msvcrt.dll
0x00007fff4d960000 - 0x00007fff4d9fc000 	C:\WINDOWS\System32\sechost.dll
0x00007fff4c4f0000 - 0x00007fff4c61b000 	C:\WINDOWS\System32\RPCRT4.dll
0x00007fff4d760000 - 0x00007fff4d900000 	C:\WINDOWS\System32\USER32.dll
0x00007fff4bb60000 - 0x00007fff4bb82000 	C:\WINDOWS\System32\win32u.dll
0x00007fff4cf50000 - 0x00007fff4cf7a000 	C:\WINDOWS\System32\GDI32.dll
0x00007fff4bf40000 - 0x00007fff4c04b000 	C:\WINDOWS\System32\gdi32full.dll
0x00007fff4bc40000 - 0x00007fff4bcdd000 	C:\WINDOWS\System32\msvcp_win.dll
0x00007fff4bdf0000 - 0x00007fff4bef0000 	C:\WINDOWS\System32\ucrtbase.dll
0x00007fff28800000 - 0x00007fff28a9a000 	C:\WINDOWS\WinSxS\amd64_microsoft.windows.common-controls_6595b64144ccf1df_6.0.19041.844_none_ca00b6081b84eb1d\COMCTL32.dll
0x00007fff4c4c0000 - 0x00007fff4c4f0000 	C:\WINDOWS\System32\IMM32.DLL
0x000000005c0b0000 - 0x000000005c182000 	C:\Users\vimarhen\Projects\Java\jdk8-win\jre\bin\msvcr100.dll
0x000000005b7e0000 - 0x000000005c0a5000 	C:\Users\vimarhen\Projects\Java\jdk8-win\jre\bin\server\jvm.dll
0x00007fff4d400000 - 0x00007fff4d408000 	C:\WINDOWS\System32\PSAPI.DLL
0x00007fff3fe00000 - 0x00007fff3fe27000 	C:\WINDOWS\SYSTEM32\WINMM.dll
0x00007fff44170000 - 0x00007fff4417a000 	C:\WINDOWS\SYSTEM32\VERSION.dll
0x00007ffee4a90000 - 0x00007ffee4a99000 	C:\WINDOWS\SYSTEM32\WSOCK32.dll
0x00007fff4d5e0000 - 0x00007fff4d64b000 	C:\WINDOWS\System32\WS2_32.dll
0x00007fff3fdf0000 - 0x00007fff3fdff000 	C:\Users\vimarhen\Projects\Java\jdk8-win\jre\bin\verify.dll
0x00007fff3fdc0000 - 0x00007fff3fde9000 	C:\Users\vimarhen\Projects\Java\jdk8-win\jre\bin\java.dll
0x00007fff3fd50000 - 0x00007fff3fd85000 	C:\Users\vimarhen\Projects\Java\jdk8-win\jre\bin\jdwp.dll
0x00007fff3fd30000 - 0x00007fff3fd38000 	C:\Users\vimarhen\Projects\Java\jdk8-win\jre\bin\npt.dll
0x00007fff3fbe0000 - 0x00007fff3fc03000 	C:\Users\vimarhen\Projects\Java\jdk8-win\jre\bin\instrument.dll
0x00007fff3fd10000 - 0x00007fff3fd26000 	C:\Users\vimarhen\Projects\Java\jdk8-win\jre\bin\zip.dll
0x00007fff4c800000 - 0x00007fff4cf42000 	C:\WINDOWS\System32\SHELL32.dll
0x00007fff495a0000 - 0x00007fff49d30000 	C:\WINDOWS\SYSTEM32\windows.storage.dll
0x00007fff4da00000 - 0x00007fff4dd55000 	C:\WINDOWS\System32\combase.dll
0x00007fff4b0d0000 - 0x00007fff4b0fc000 	C:\WINDOWS\SYSTEM32\Wldp.dll
0x00007fff4dd60000 - 0x00007fff4de0e000 	C:\WINDOWS\System32\SHCORE.dll
0x00007fff4d110000 - 0x00007fff4d165000 	C:\WINDOWS\System32\shlwapi.dll
0x00007fff4b670000 - 0x00007fff4b68f000 	C:\WINDOWS\SYSTEM32\profapi.dll
0x00007fff3fa90000 - 0x00007fff3fa99000 	C:\Users\vimarhen\Projects\Java\jdk8-win\jre\bin\dt_socket.dll
0x00007fff41830000 - 0x00007fff41847000 	C:\WINDOWS\system32\napinsp.dll
0x00007fff419e0000 - 0x00007fff419fb000 	C:\WINDOWS\system32\pnrpnsp.dll
0x00007fff41850000 - 0x00007fff41865000 	C:\WINDOWS\system32\wshbth.dll
0x00007fff45bb0000 - 0x00007fff45bcd000 	C:\WINDOWS\system32\NLAapi.dll
0x00007fff4ab80000 - 0x00007fff4abbb000 	C:\WINDOWS\SYSTEM32\IPHLPAPI.DLL
0x00007fff4aec0000 - 0x00007fff4af2a000 	C:\WINDOWS\System32\mswsock.dll
0x00007fff4abd0000 - 0x00007fff4ac9b000 	C:\WINDOWS\SYSTEM32\DNSAPI.dll
0x00007fff4c7f0000 - 0x00007fff4c7f8000 	C:\WINDOWS\System32\NSI.dll
0x00007fff41ff0000 - 0x00007fff42002000 	C:\WINDOWS\System32\winrnr.dll
0x00007fff46830000 - 0x00007fff468af000 	C:\WINDOWS\System32\fwpuclnt.dll
0x00007fff4bdc0000 - 0x00007fff4bde7000 	C:\WINDOWS\System32\bcrypt.dll
0x00007fff45750000 - 0x00007fff4575a000 	C:\Windows\System32\rasadhlp.dll
0x00007fff1fac0000 - 0x00007fff1fc58000 	C:\Users\vimarhen\Projects\Java\jdk8-win\jre\bin\awt.dll
0x00007fff4d040000 - 0x00007fff4d10d000 	C:\WINDOWS\System32\OLEAUT32.dll
0x00007fff47d70000 - 0x00007fff47e00000 	C:\WINDOWS\SYSTEM32\apphelp.dll
0x00007fff482e0000 - 0x00007fff4837e000 	C:\WINDOWS\system32\uxtheme.dll
0x00007fff4c620000 - 0x00007fff4c735000 	C:\WINDOWS\System32\MSCTF.dll
0x00007fff4d410000 - 0x00007fff4d53a000 	C:\WINDOWS\System32\ole32.dll
0x00007fff49ff0000 - 0x00007fff4a002000 	C:\WINDOWS\SYSTEM32\kernel.appcore.dll
0x00007fff4bd40000 - 0x00007fff4bdc0000 	C:\WINDOWS\System32\bcryptPrimitives.dll
0x00007fff48590000 - 0x00007fff485bf000 	C:\WINDOWS\system32\DWMAPI.DLL
0x00007fff3d6e0000 - 0x00007fff3d785000 	C:\Users\vimarhen\Projects\Java\jdk8-win\jre\bin\freetype.dll
0x00007fff3de20000 - 0x00007fff3de6b000 	C:\Users\vimarhen\Projects\Java\jdk8-win\jre\bin\fontmanager.dll
0x00007fff3f950000 - 0x00007fff3f96b000 	C:\Users\vimarhen\Projects\Java\jdk8-win\jre\bin\net.dll
0x00007fff3f7a0000 - 0x00007fff3f7b1000 	C:\Users\vimarhen\Projects\Java\jdk8-win\jre\bin\nio.dll
0x00007fff2d3e0000 - 0x00007fff2d506000 	C:\WINDOWS\system32\opengl32.dll
0x00007fff2d3b0000 - 0x00007fff2d3dc000 	C:\WINDOWS\SYSTEM32\GLU32.dll
0x00007fff30520000 - 0x00007fff306ef000 	C:\WINDOWS\system32\d3d9.dll
0x00007fff4ba00000 - 0x00007fff4bb5f000 	C:\WINDOWS\System32\crypt32.dll
0x00007fff4bce0000 - 0x00007fff4bd40000 	C:\WINDOWS\System32\WINTRUST.DLL
0x00007fff4b320000 - 0x00007fff4b332000 	C:\WINDOWS\SYSTEM32\MSASN1.dll
0x00007fff4d740000 - 0x00007fff4d75d000 	C:\WINDOWS\System32\imagehlp.dll
0x00007fff4b110000 - 0x00007fff4b128000 	C:\WINDOWS\SYSTEM32\CRYPTSP.dll
0x00007fff4a810000 - 0x00007fff4a844000 	C:\WINDOWS\system32\rsaenh.dll
0x00007fff4b040000 - 0x00007fff4b04c000 	C:\WINDOWS\SYSTEM32\CRYPTBASE.dll
0x00007fff40d80000 - 0x00007fff40e6b000 	C:\WINDOWS\System32\DriverStore\FileRepository\nvdw.inf_amd64_d487d2ca609ce39b\nvldumdx.dll
0x00007ffefaa90000 - 0x00007ffefbcc8000 	C:\WINDOWS\System32\DriverStore\FileRepository\nvdw.inf_amd64_d487d2ca609ce39b\nvd3dumx.dll
0x00007fff4acf0000 - 0x00007fff4ad3b000 	C:\WINDOWS\system32\powrprof.dll
0x00007fff4ab60000 - 0x00007fff4ab72000 	C:\WINDOWS\SYSTEM32\UMPDC.dll
0x00007fff4a040000 - 0x00007fff4a063000 	C:\WINDOWS\SYSTEM32\gpapi.dll
0x00007fff42850000 - 0x00007fff42881000 	C:\WINDOWS\SYSTEM32\cryptnet.dll
0x00007fff41ae0000 - 0x00007fff41b1b000 	C:\WINDOWS\SYSTEM32\dxcore.dll
0x00007fff4bef0000 - 0x00007fff4bf3e000 	C:\WINDOWS\System32\cfgmgr32.dll
0x00007fff4b630000 - 0x00007fff4b65e000 	C:\WINDOWS\SYSTEM32\USERENV.dll
0x00007fff46800000 - 0x00007fff46817000 	C:\WINDOWS\SYSTEM32\dhcpcsvc6.DLL
0x00007fff467e0000 - 0x00007fff467fd000 	C:\WINDOWS\SYSTEM32\dhcpcsvc.DLL
0x00007fff4c740000 - 0x00007fff4c7e9000 	C:\WINDOWS\System32\clbcatq.dll
0x00007fff442c0000 - 0x00007fff44474000 	C:\WINDOWS\SYSTEM32\WindowsCodecs.dll
0x00007fff19650000 - 0x00007fff1968e000 	C:\WINDOWS\system32\dataexchange.dll
0x00007fff471b0000 - 0x00007fff47397000 	C:\WINDOWS\system32\dcomp.dll
0x00007fff49d30000 - 0x00007fff49f94000 	C:\WINDOWS\system32\d3d11.dll
0x00007fff4a150000 - 0x00007fff4a243000 	C:\WINDOWS\system32\dxgi.dll
0x00007fff447b0000 - 0x00007fff449b1000 	C:\WINDOWS\system32\twinapi.appcore.dll
0x00007fff3dcc0000 - 0x00007fff3dce4000 	C:\Users\vimarhen\Projects\Java\jdk8-win\jre\bin\sunec.dll
0x00007fff25be0000 - 0x00007fff25cdb000 	C:\WINDOWS\SYSTEM32\textinputframework.dll
0x00007fff473a0000 - 0x00007fff476fe000 	C:\WINDOWS\System32\CoreUIComponents.dll
0x00007fff4a110000 - 0x00007fff4a143000 	C:\WINDOWS\SYSTEM32\ntmarta.dll
0x00007fff47a80000 - 0x00007fff47b72000 	C:\WINDOWS\System32\CoreMessaging.dll
0x00007fff46940000 - 0x00007fff46a94000 	C:\WINDOWS\SYSTEM32\wintypes.dll
0x00007fff493b0000 - 0x00007fff49594000 	C:\WINDOWS\SYSTEM32\dbghelp.dll

VM Arguments:
jvm_args: -agentlib:jdwp=transport=dt_socket,suspend=y,address=localhost:53363 -DdevEnv=true -Xmx1500m -javaagent:C:\Users\vimarhen\Applications\eclipse-jee-2020-06-R-win32-x86_64\configuration\org.eclipse.osgi\413\0\.cp\lib\javaagent-shaded.jar -Dfile.encoding=UTF-8 
java_command: org.kuse.payloadbuilder.editor.Main
java_class_path (initial): C:\Users\vimarhen\Projects\Misc\org.kuse.payloadbuilder\org.kuse.payloadbuilder.editor\target\classes;C:\Users\vimarhen\Projects\Misc\org.kuse.payloadbuilder\org.kuse.payloadbuilder.core\target\classes;C:\Users\vimarhen\.m2\repository\org\antlr\antlr4-runtime\4.7.1\antlr4-runtime-4.7.1.jar;C:\Users\vimarhen\.m2\repository\commons-io\commons-io\2.4\commons-io-2.4.jar;C:\Users\vimarhen\.m2\repository\commons-collections\commons-collections\3.2.2\commons-collections-3.2.2.jar;C:\Users\vimarhen\.m2\repository\org\apache\commons\commons-lang3\3.10\commons-lang3-3.10.jar;C:\Users\vimarhen\.m2\repository\net\sf\trove4j\trove4j\3.0.3\trove4j-3.0.3.jar;C:\Users\vimarhen\.m2\repository\org\codehaus\janino\janino\3.1.2\janino-3.1.2.jar;C:\Users\vimarhen\.m2\repository\org\codehaus\janino\commons-compiler\3.1.2\commons-compiler-3.1.2.jar;C:\Users\vimarhen\.m2\repository\com\fasterxml\jackson\core\jackson-databind\2.10.0\jackson-databind-2.10.0.jar;C:\Users\vimarhen\.m2\repository\com\fasterxml\jackson\core\jackson-annotations\2.10.0\jackson-annotations-2.10.0.jar;C:\Users\vimarhen\.m2\repository\com\fasterxml\jackson\core\jackson-core\2.10.0\jackson-core-2.10.0.jar;C:\Users\vimarhen\.m2\repository\com\fasterxml\jackson\dataformat\jackson-dataformat-xml\2.10.0\jackson-dataformat-xml-2.10.0.jar;C:\Users\vimarhen\.m2\repository\com\fasterxml\jackson\module\jackson-module-jaxb-annotations\2.10.0\jackson-module-jaxb-annotations-2.10.0.jar;C:\Users\vimarhen\.m2\repository\jakarta\xml\bind\jakarta.xml.bind-api\2.3.2\jakarta.xml.bind-api-2.3.2.jar;C:\Users\vimarhen\.m2\repository\jakarta\activation\jakarta.activation-api\1.2.1\jakarta.activation-api-1.2.1.jar;C:\Users\vimarhen\.m2\repository\org\codehaus\woodstox\stax2-api\4.2\stax2-api-4.2.jar;C:\Users\vimarhen\.m2\repository\com\fasterxml\woodstox\woodstox-core\6.0.1\woodstox-core-6.0.1.jar;C:\Users\vimarhen\.m2\repository\org\slf4j\slf4j-log4j12\1.7.30\slf4j-log4j12-1.7.30.jar;C:\Users\vimarhen\.m2\repos
Launcher Type: SUN_STANDARD

Environment Variables:
JAVA_HOME=C:\Program Files\Java\jdk8u212-b04
PATH=C:\Users\vimarhen\Projects\Java\jdk8-win\jre\bin;C:/Program Files/Java/jdk8u212-b04/bin/../jre/bin/server;C:/Program Files/Java/jdk8u212-b04/bin/../jre/bin;C:/Program Files/Java/jdk8u212-b04/bin/../jre/lib/amd64;C:\Program Files (x86)\Intel\Intel(R) Management Engine Components\iCLS\;C:\Program Files\Intel\Intel(R) Management Engine Components\iCLS\;C:\WINDOWS\system32;C:\WINDOWS;C:\WINDOWS\System32\Wbem;C:\WINDOWS\System32\WindowsPowerShell\v1.0\;C:\WINDOWS\System32\OpenSSH\;C:\Program Files (x86)\Intel\Intel(R) Management Engine Components\DAL;C:\Program Files\Intel\Intel(R) Management Engine Components\DAL;C:\Program Files (x86)\Skype\Phone\;C:\Program Files (x86)\PuTTY\;C:\Program Files (x86)\Microsoft SQL Server\Client SDK\ODBC\130\Tools\Binn\;C:\Program Files (x86)\Microsoft SQL Server\140\Tools\Binn\;C:\Program Files (x86)\Microsoft SQL Server\140\DTS\Binn\;C:\Program Files (x86)\Microsoft SQL Server\140\Tools\Binn\ManagementStudio\;C:\Program Files\TortoiseSVN\bin;C:\Program Files\PuTTY\;C:\Program Files\Java\jdk8u212-b04\bin;C:\Users\vimarhen\AppData\Local\Microsoft\WindowsApps;;C:\Users\vimarhen\Applications\eclipse-jee-2020-06-R-win32-x86_64;
USERNAME=vimarhen
OS=Windows_NT
PROCESSOR_IDENTIFIER=Intel64 Family 6 Model 158 Stepping 10, GenuineIntel



---------------  S Y S T E M  ---------------

OS: Windows 10.0 , 64 bit Build 19041 (10.0.19041.804)
HyperV virtualization detected

CPU:total 8 (initial active 8) (4 cores per cpu, 2 threads per core) family 6 model 158 stepping 10, cmov, cx8, fxsr, mmx, sse, sse2, sse3, ssse3, sse4.1, sse4.2, popcnt, avx, avx2, aes, clmul, erms, rtm, 3dnowpref, lzcnt, ht, tsc, tscinvbit, bmi1, bmi2, adx

Memory: 4k page, physical 33386972k(11069912k free), swap 82980032k(12776888k free)

vm_info: OpenJDK 64-Bit Server VM (25.282-b08) for windows-amd64 JRE (Zulu 8.52.0.23-CA-win64) (1.8.0_282-b08), built on Jan 12 2021 07:45:49 by "tester" with MS VC++ 10.0 (VS2010)

time: Fri Apr 02 16:59:20 2021
timezone: W. Europe Summer Time
elapsed time: 67374.430279 seconds (0d 18h 42m 54s)

